<?xml version="1.0" encoding="UTF-8"?>
<!-- Generated by org.testng.reporters.JUnitXMLReporter -->
<testsuite ignored="0" hostname="DESKTOP-B9PV4G5" failures="3" tests="15" name="Surefire test" time="101.67" errors="0" timestamp="2026-07-10T22:03:25 EEST">
  <testcase classname="tests.CartTests" name="addItemToCartTest" time="1.091"/>
  <testcase classname="tests.CartTests" name="addItemsToCartTest" time="1.648"/>
  <testcase classname="tests.CartTests" name="checkItemInCartTest" time="1.476"/>
  <testcase classname="tests.CartTests" name="checkoutWithEmptyCartTest" time="1.422">
    <failure type="java.lang.AssertionError" message="Система ошибочно позволила перейти к Checkout с пустой корзиной! expected [false] but found [true]">
      <![CDATA[java.lang.AssertionError: Система ошибочно позволила перейти к Checkout с пустой корзиной! expected [false] but found [true]
at tests.CartTests.checkoutWithEmptyCartTest(CartTests.java:98)
at java.base/java.util.ArrayList.forEach(ArrayList.java:1604)
... Removed 33 stack frames]]>
    </failure>
  </testcase> <!-- checkoutWithEmptyCartTest -->
  <testcase classname="tests.CartTests" name="removeItemFromCartTest" time="1.559"/>
  <testcase classname="tests.CheckoutTests" name="checkoutTest" time="12.209">
    <failure type="org.openqa.selenium.TimeoutException" message="Expected condition failed: waiting for element found by By.id: finish to be clickable, but the element was not found: org.openqa.selenium.NoSuchElementException: no such element: Unable to locate element: {&amp;quot;method&amp;quot;:&amp;quot;css selector&amp;quot;,&amp;quot;selector&amp;quot;:&amp;quot;#finish&amp;quot;}.
(tried for 10 seconds with 500 milliseconds interval)
Build info: version: &amp;apos;4.43.0&amp;apos;, revision: &amp;apos;dd0f534&amp;apos;
System info: os.name: &amp;apos;Windows 10&amp;apos;, os.arch: &amp;apos;amd64&amp;apos;, os.version: &amp;apos;10.0&amp;apos;, java.version: &amp;apos;25.0.3&amp;apos;
Driver info: org.openqa.selenium.chrome.ChromeDriver
Capabilities {acceptInsecureCerts: false, browserName: chrome, browserVersion: 150.0.7871.114, chrome: {chromedriverVersion: 150.0.7871.115 (25f5b661e5b..., userDataDir: C:\Users\Leri\AppData\Local...}, fedcm:accounts: true, goog:chromeOptions: {debuggerAddress: localhost:58155}, goog:processID: 5832, networkConnectionEnabled: false, pageLoadStrategy: normal, platformName: windows, proxy: Proxy(), se:cdp: ws://localhost:58155/devtoo..., se:cdpVersion: 150.0.7871.114, setWindowRect: true, strictFileInteractability: false, timeouts: {implicit: 0, pageLoad: 300000, script: 30000}, unhandledPromptBehavior: dismiss and notify, webauthn:extension:credBlob: true, webauthn:extension:largeBlob: true, webauthn:extension:minPinLength: true, webauthn:extension:prf: true, webauthn:virtualAuthenticators: true}
Session ID: 459321cfe26230e8db8f5b4f70d71bc3">
      <![CDATA[org.openqa.selenium.TimeoutException: Expected condition failed: waiting for element found by By.id: finish to be clickable, but the element was not found: org.openqa.selenium.NoSuchElementException: no such element: Unable to locate element: {"method":"css selector","selector":"#finish"}.
(tried for 10 seconds with 500 milliseconds interval)
Build info: version: '4.43.0', revision: 'dd0f534'
System info: os.name: 'Windows 10', os.arch: 'amd64', os.version: '10.0', java.version: '25.0.3'
Driver info: org.openqa.selenium.chrome.ChromeDriver
Capabilities {acceptInsecureCerts: false, browserName: chrome, browserVersion: 150.0.7871.114, chrome: {chromedriverVersion: 150.0.7871.115 (25f5b661e5b..., userDataDir: C:\Users\Leri\AppData\Local...}, fedcm:accounts: true, goog:chromeOptions: {debuggerAddress: localhost:58155}, goog:processID: 5832, networkConnectionEnabled: false, pageLoadStrategy: normal, platformName: windows, proxy: Proxy(), se:cdp: ws://localhost:58155/devtoo..., se:cdpVersion: 150.0.7871.114, setWindowRect: true, strictFileInteractability: false, timeouts: {implicit: 0, pageLoad: 300000, script: 30000}, unhandledPromptBehavior: dismiss and notify, webauthn:extension:credBlob: true, webauthn:extension:largeBlob: true, webauthn:extension:minPinLength: true, webauthn:extension:prf: true, webauthn:virtualAuthenticators: true}
Session ID: 459321cfe26230e8db8f5b4f70d71bc3
at org.openqa.selenium.support.ui.WebDriverWait.timeoutException(WebDriverWait.java:85)
at org.openqa.selenium.support.ui.FluentWait.until(FluentWait.java:234)
at pages.CheckoutPage.finishOrder(CheckoutPage.java:49)
at tests.CheckoutTests.checkoutTest(CheckoutTests.java:32)
at java.base/java.util.ArrayList.forEach(ArrayList.java:1604)
... Removed 30 stack frames]]>
    </failure>
  </testcase> <!-- checkoutTest -->
  <testcase classname="tests.CheckoutTests" name="continueFromCartTest" time="1.715"/>
  <testcase classname="tests.InventoryTests" name="cartBadgeAfterOpeningCartTest" time="1.471"/>
  <testcase classname="tests.InventoryTests" name="inventoryTitleTest" time="1.028"/>
  <testcase classname="tests.InventoryTests" name="inventoryUnavailableAfterLogoutTest" time="1.962">
    <failure type="java.lang.AssertionError" message="expected [false] but found [true]">
      <![CDATA[java.lang.AssertionError: expected [false] but found [true]
at tests.InventoryTests.inventoryUnavailableAfterLogoutTest(InventoryTests.java:44)
at java.base/java.util.ArrayList.forEach(ArrayList.java:1604)
... Removed 34 stack frames]]>
    </failure>
  </testcase> <!-- inventoryUnavailableAfterLogoutTest -->
  <testcase classname="tests.InventoryTests" name="logoutTest" time="1.707"/>
  <testcase classname="tests.LoginTests" name="emptyLoginTest" time="0.452"/>
  <testcase classname="tests.LoginTests" name="emptyPasswordTest" time="0.499"/>
  <testcase classname="tests.LoginTests" name="invalidLoginTest" time="0.536"/>
  <testcase classname="tests.LoginTests" name="validLoginTest" time="0.583"/>
</testsuite> <!-- Surefire test -->
