<?xml version="1.0" encoding="UTF-8"?>
<testng-results ignored="0" total="1" passed="1" failed="0" skipped="0">
  <reporter-output>
  </reporter-output>
  <suite started-at="2026-07-08T18:20:07 EEST" name="Surefire suite" finished-at="2026-07-08T18:20:15 EEST" duration-ms="7767">
    <groups>
    </groups>
    <test started-at="2026-07-08T18:20:07 EEST" name="Surefire test" finished-at="2026-07-08T18:20:15 EEST" duration-ms="7767">
      <class name="myTest">
        <test-method signature="testMethod()[pri:0, instance:myTest@366647c2]" started-at="2026-07-08T18:20:07 EEST" name="testMethod" finished-at="2026-07-08T18:20:15 EEST" duration-ms="7481" status="PASS">
          <reporter-output>
          </reporter-output>
        </test-method> <!-- testMethod -->
      </class> <!-- myTest -->
    </test> <!-- Surefire test -->
  </suite> <!-- Surefire suite -->
</testng-results>
