<?xml version="1.0" encoding="UTF-8"?>
<testng-results ignored="0" total="15" passed="12" failed="3" skipped="0">
  <reporter-output>
  </reporter-output>
  <suite started-at="2026-07-10T22:01:43 EEST" name="Surefire suite" finished-at="2026-07-10T22:03:25 EEST" duration-ms="101670">
    <groups>
    </groups>
    <test started-at="2026-07-10T22:01:43 EEST" name="Surefire test" finished-at="2026-07-10T22:03:25 EEST" duration-ms="101670">
      <class name="tests.LoginTests">
        <test-method is-config="true" signature="setup()[pri:0, instance:tests.LoginTests@702b8b12]" started-at="2026-07-10T22:03:09 EEST" name="setup" finished-at="2026-07-10T22:03:12 EEST" duration-ms="2944" status="PASS">
          <reporter-output>
          </reporter-output>
        </test-method> <!-- setup -->
        <test-method signature="emptyLoginTest()[pri:0, instance:tests.LoginTests@702b8b12]" started-at="2026-07-10T22:03:12 EEST" name="emptyLoginTest" description="Login с пустыми полями" finished-at="2026-07-10T22:03:13 EEST" duration-ms="452" status="PASS">
          <reporter-output>
          </reporter-output>
        </test-method> <!-- emptyLoginTest -->
        <test-method is-config="true" signature="tearDown()[pri:0, instance:tests.LoginTests@702b8b12]" started-at="2026-07-10T22:03:13 EEST" name="tearDown" finished-at="2026-07-10T22:03:13 EEST" duration-ms="226" status="PASS">
          <reporter-output>
          </reporter-output>
        </test-method> <!-- tearDown -->
        <test-method is-config="true" signature="setup()[pri:0, instance:tests.LoginTests@702b8b12]" started-at="2026-07-10T22:03:13 EEST" name="setup" finished-at="2026-07-10T22:03:16 EEST" duration-ms="2847" status="PASS">
          <reporter-output>
          </reporter-output>
        </test-method> <!-- setup -->
        <test-method signature="emptyPasswordTest()[pri:0, instance:tests.LoginTests@702b8b12]" started-at="2026-07-10T22:03:16 EEST" name="emptyPasswordTest" description="Login без пароля" finished-at="2026-07-10T22:03:16 EEST" duration-ms="499" status="PASS">
          <reporter-output>
          </reporter-output>
        </test-method> <!-- emptyPasswordTest -->
        <test-method is-config="true" signature="tearDown()[pri:0, instance:tests.LoginTests@702b8b12]" started-at="2026-07-10T22:03:16 EEST" name="tearDown" finished-at="2026-07-10T22:03:17 EEST" duration-ms="286" status="PASS">
          <reporter-output>
          </reporter-output>
        </test-method> <!-- tearDown -->
        <test-method is-config="true" signature="setup()[pri:0, instance:tests.LoginTests@702b8b12]" started-at="2026-07-10T22:03:17 EEST" name="setup" finished-at="2026-07-10T22:03:20 EEST" duration-ms="2909" status="PASS">
          <reporter-output>
          </reporter-output>
        </test-method> <!-- setup -->
        <test-method signature="invalidLoginTest()[pri:0, instance:tests.LoginTests@702b8b12]" started-at="2026-07-10T22:03:20 EEST" name="invalidLoginTest" description="Неверный логин" finished-at="2026-07-10T22:03:20 EEST" duration-ms="536" status="PASS">
          <reporter-output>
          </reporter-output>
        </test-method> <!-- invalidLoginTest -->
        <test-method is-config="true" signature="tearDown()[pri:0, instance:tests.LoginTests@702b8b12]" started-at="2026-07-10T22:03:20 EEST" name="tearDown" finished-at="2026-07-10T22:03:20 EEST" duration-ms="288" status="PASS">
          <reporter-output>
          </reporter-output>
        </test-method> <!-- tearDown -->
        <test-method is-config="true" signature="setup()[pri:0, instance:tests.LoginTests@702b8b12]" started-at="2026-07-10T22:03:20 EEST" name="setup" finished-at="2026-07-10T22:03:24 EEST" duration-ms="3653" status="PASS">
          <reporter-output>
          </reporter-output>
        </test-method> <!-- setup -->
        <test-method signature="validLoginTest()[pri:0, instance:tests.LoginTests@702b8b12]" started-at="2026-07-10T22:03:24 EEST" name="validLoginTest" description="Успешный вход в систему" finished-at="2026-07-10T22:03:25 EEST" duration-ms="583" status="PASS">
          <reporter-output>
          </reporter-output>
        </test-method> <!-- validLoginTest -->
        <test-method is-config="true" signature="tearDown()[pri:0, instance:tests.LoginTests@702b8b12]" started-at="2026-07-10T22:03:25 EEST" name="tearDown" finished-at="2026-07-10T22:03:25 EEST" duration-ms="255" status="PASS">
          <reporter-output>
          </reporter-output>
        </test-method> <!-- tearDown -->
      </class> <!-- tests.LoginTests -->
      <class name="tests.InventoryTests">
        <test-method is-config="true" signature="setup()[pri:0, instance:tests.InventoryTests@306f16f3]" started-at="2026-07-10T22:02:48 EEST" name="setup" finished-at="2026-07-10T22:02:51 EEST" duration-ms="3286" status="PASS">
          <reporter-output>
          </reporter-output>
        </test-method> <!-- setup -->
        <test-method signature="cartBadgeAfterOpeningCartTest()[pri:0, instance:tests.InventoryTests@306f16f3]" started-at="2026-07-10T22:02:51 EEST" name="cartBadgeAfterOpeningCartTest" description="Проверка счетчика корзины после открытия корзины" finished-at="2026-07-10T22:02:53 EEST" duration-ms="1471" status="PASS">
          <reporter-output>
          </reporter-output>
        </test-method> <!-- cartBadgeAfterOpeningCartTest -->
        <test-method is-config="true" signature="tearDown()[pri:0, instance:tests.InventoryTests@306f16f3]" started-at="2026-07-10T22:02:53 EEST" name="tearDown" finished-at="2026-07-10T22:02:53 EEST" duration-ms="312" status="PASS">
          <reporter-output>
          </reporter-output>
        </test-method> <!-- tearDown -->
        <test-method is-config="true" signature="setup()[pri:0, instance:tests.InventoryTests@306f16f3]" started-at="2026-07-10T22:02:53 EEST" name="setup" finished-at="2026-07-10T22:02:57 EEST" duration-ms="3482" status="PASS">
          <reporter-output>
          </reporter-output>
        </test-method> <!-- setup -->
        <test-method signature="inventoryTitleTest()[pri:0, instance:tests.InventoryTests@306f16f3]" started-at="2026-07-10T22:02:57 EEST" name="inventoryTitleTest" description="Проверка заголовка страницы Products" finished-at="2026-07-10T22:02:58 EEST" duration-ms="1028" status="PASS">
          <reporter-output>
          </reporter-output>
        </test-method> <!-- inventoryTitleTest -->
        <test-method is-config="true" signature="tearDown()[pri:0, instance:tests.InventoryTests@306f16f3]" started-at="2026-07-10T22:02:58 EEST" name="tearDown" finished-at="2026-07-10T22:03:00 EEST" duration-ms="1814" status="PASS">
          <reporter-output>
          </reporter-output>
        </test-method> <!-- tearDown -->
        <test-method is-config="true" signature="setup()[pri:0, instance:tests.InventoryTests@306f16f3]" started-at="2026-07-10T22:03:00 EEST" name="setup" finished-at="2026-07-10T22:03:02 EEST" duration-ms="2169" status="PASS">
          <reporter-output>
          </reporter-output>
        </test-method> <!-- setup -->
        <test-method signature="inventoryUnavailableAfterLogoutTest()[pri:0, instance:tests.InventoryTests@306f16f3]" started-at="2026-07-10T22:03:02 EEST" name="inventoryUnavailableAfterLogoutTest" description="Проверка, что после Logout нельзя попасть на Inventory" finished-at="2026-07-10T22:03:04 EEST" duration-ms="1962" status="FAIL">
          <exception class="java.lang.AssertionError">
            <message>
              <![CDATA[expected [false] but found [true]]]>
            </message>
            <full-stacktrace>
              <![CDATA[java.lang.AssertionError: expected [false] but found [true]
at org.testng.Assert.fail(Assert.java:111)
at org.testng.Assert.failNotEquals(Assert.java:1590)
at org.testng.Assert.assertFalse(Assert.java:79)
at org.testng.Assert.assertFalse(Assert.java:89)
at tests.InventoryTests.inventoryUnavailableAfterLogoutTest(InventoryTests.java:44)
at java.base/jdk.internal.reflect.DirectMethodHandleAccessor.invoke(DirectMethodHandleAccessor.java:104)
at java.base/java.lang.reflect.Method.invoke(Method.java:565)
at org.testng.internal.invokers.MethodInvocationHelper.invokeMethod(MethodInvocationHelper.java:141)
at org.testng.internal.invokers.TestInvoker.invokeMethod(TestInvoker.java:697)
at org.testng.internal.invokers.TestInvoker.invokeTestMethod(TestInvoker.java:230)
at org.testng.internal.invokers.MethodRunner.runInSequence(MethodRunner.java:63)
at org.testng.internal.invokers.TestInvoker$MethodInvocationAgent.invoke(TestInvoker.java:1005)
at org.testng.internal.invokers.TestInvoker.invokeTestMethods(TestInvoker.java:203)
at org.testng.internal.invokers.TestMethodWorker.invokeTestMethods(TestMethodWorker.java:154)
at org.testng.internal.invokers.TestMethodWorker.run(TestMethodWorker.java:134)
at java.base/java.util.ArrayList.forEach(ArrayList.java:1604)
at org.testng.TestRunner.privateRun(TestRunner.java:744)
at org.testng.TestRunner.run(TestRunner.java:616)
at org.testng.SuiteRunner.runTest(SuiteRunner.java:421)
at org.testng.SuiteRunner.runSequentially(SuiteRunner.java:413)
at org.testng.SuiteRunner.privateRun(SuiteRunner.java:373)
at org.testng.SuiteRunner.run(SuiteRunner.java:312)
at org.testng.SuiteRunnerWorker.runSuite(SuiteRunnerWorker.java:52)
at org.testng.SuiteRunnerWorker.run(SuiteRunnerWorker.java:95)
at org.testng.TestNG.runSuitesSequentially(TestNG.java:1274)
at org.testng.TestNG.runSuitesLocally(TestNG.java:1208)
at org.testng.TestNG.runSuites(TestNG.java:1112)
at org.testng.TestNG.run(TestNG.java:1079)
at org.apache.maven.surefire.testng.TestNGExecutor.run(TestNGExecutor.java:155)
at org.apache.maven.surefire.testng.TestNGDirectoryTestSuite.executeMulti(TestNGDirectoryTestSuite.java:169)
at org.apache.maven.surefire.testng.TestNGDirectoryTestSuite.execute(TestNGDirectoryTestSuite.java:88)
at org.apache.maven.surefire.testng.TestNGProvider.invoke(TestNGProvider.java:137)
at org.apache.maven.surefire.booter.ForkedBooter.runSuitesInProcess(ForkedBooter.java:385)
at org.apache.maven.surefire.booter.ForkedBooter.execute(ForkedBooter.java:162)
at org.apache.maven.surefire.booter.ForkedBooter.run(ForkedBooter.java:507)
at org.apache.maven.surefire.booter.ForkedBooter.main(ForkedBooter.java:495)
]]>
            </full-stacktrace>
          </exception> <!-- java.lang.AssertionError -->
          <reporter-output>
          </reporter-output>
        </test-method> <!-- inventoryUnavailableAfterLogoutTest -->
        <test-method is-config="true" signature="tearDown()[pri:0, instance:tests.InventoryTests@306f16f3]" started-at="2026-07-10T22:03:04 EEST" name="tearDown" finished-at="2026-07-10T22:03:04 EEST" duration-ms="510" status="PASS">
          <reporter-output>
          </reporter-output>
        </test-method> <!-- tearDown -->
        <test-method is-config="true" signature="setup()[pri:0, instance:tests.InventoryTests@306f16f3]" started-at="2026-07-10T22:03:04 EEST" name="setup" finished-at="2026-07-10T22:03:07 EEST" duration-ms="3135" status="PASS">
          <reporter-output>
          </reporter-output>
        </test-method> <!-- setup -->
        <test-method signature="logoutTest()[pri:0, instance:tests.InventoryTests@306f16f3]" started-at="2026-07-10T22:03:07 EEST" name="logoutTest" description="Проверка выхода из системы" finished-at="2026-07-10T22:03:09 EEST" duration-ms="1707" status="PASS">
          <reporter-output>
          </reporter-output>
        </test-method> <!-- logoutTest -->
        <test-method is-config="true" signature="tearDown()[pri:0, instance:tests.InventoryTests@306f16f3]" started-at="2026-07-10T22:03:09 EEST" name="tearDown" finished-at="2026-07-10T22:03:09 EEST" duration-ms="250" status="PASS">
          <reporter-output>
          </reporter-output>
        </test-method> <!-- tearDown -->
      </class> <!-- tests.InventoryTests -->
      <class name="tests.CheckoutTests">
        <test-method is-config="true" signature="setup()[pri:0, instance:tests.CheckoutTests@1b6e1eff]" started-at="2026-07-10T22:02:23 EEST" name="setup" finished-at="2026-07-10T22:02:27 EEST" duration-ms="4027" status="PASS">
          <reporter-output>
          </reporter-output>
        </test-method> <!-- setup -->
        <test-method signature="checkoutTest()[pri:0, instance:tests.CheckoutTests@1b6e1eff]" started-at="2026-07-10T22:02:27 EEST" name="checkoutTest" description="Успешное оформление заказа" finished-at="2026-07-10T22:02:39 EEST" duration-ms="12209" status="FAIL">
          <exception class="org.openqa.selenium.TimeoutException">
            <message>
              <![CDATA[Expected condition failed: waiting for element found by By.id: finish to be clickable, but the element was not found: org.openqa.selenium.NoSuchElementException: no such element: Unable to locate element: {"method":"css selector","selector":"#finish"}.
(tried for 10 seconds with 500 milliseconds interval)
Build info: version: '4.43.0', revision: 'dd0f534'
System info: os.name: 'Windows 10', os.arch: 'amd64', os.version: '10.0', java.version: '25.0.3'
Driver info: org.openqa.selenium.chrome.ChromeDriver
Capabilities {acceptInsecureCerts: false, browserName: chrome, browserVersion: 150.0.7871.114, chrome: {chromedriverVersion: 150.0.7871.115 (25f5b661e5b..., userDataDir: C:\Users\Leri\AppData\Local...}, fedcm:accounts: true, goog:chromeOptions: {debuggerAddress: localhost:58155}, goog:processID: 5832, networkConnectionEnabled: false, pageLoadStrategy: normal, platformName: windows, proxy: Proxy(), se:cdp: ws://localhost:58155/devtoo..., se:cdpVersion: 150.0.7871.114, setWindowRect: true, strictFileInteractability: false, timeouts: {implicit: 0, pageLoad: 300000, script: 30000}, unhandledPromptBehavior: dismiss and notify, webauthn:extension:credBlob: true, webauthn:extension:largeBlob: true, webauthn:extension:minPinLength: true, webauthn:extension:prf: true, webauthn:virtualAuthenticators: true}
Session ID: 459321cfe26230e8db8f5b4f70d71bc3]]>
            </message>
            <full-stacktrace>
              <![CDATA[org.openqa.selenium.TimeoutException: Expected condition failed: waiting for element found by By.id: finish to be clickable, but the element was not found: org.openqa.selenium.NoSuchElementException: no such element: Unable to locate element: {"method":"css selector","selector":"#finish"}.
(tried for 10 seconds with 500 milliseconds interval)
Build info: version: '4.43.0', revision: 'dd0f534'
System info: os.name: 'Windows 10', os.arch: 'amd64', os.version: '10.0', java.version: '25.0.3'
Driver info: org.openqa.selenium.chrome.ChromeDriver
Capabilities {acceptInsecureCerts: false, browserName: chrome, browserVersion: 150.0.7871.114, chrome: {chromedriverVersion: 150.0.7871.115 (25f5b661e5b..., userDataDir: C:\Users\Leri\AppData\Local...}, fedcm:accounts: true, goog:chromeOptions: {debuggerAddress: localhost:58155}, goog:processID: 5832, networkConnectionEnabled: false, pageLoadStrategy: normal, platformName: windows, proxy: Proxy(), se:cdp: ws://localhost:58155/devtoo..., se:cdpVersion: 150.0.7871.114, setWindowRect: true, strictFileInteractability: false, timeouts: {implicit: 0, pageLoad: 300000, script: 30000}, unhandledPromptBehavior: dismiss and notify, webauthn:extension:credBlob: true, webauthn:extension:largeBlob: true, webauthn:extension:minPinLength: true, webauthn:extension:prf: true, webauthn:virtualAuthenticators: true}
Session ID: 459321cfe26230e8db8f5b4f70d71bc3
at org.openqa.selenium.support.ui.WebDriverWait.timeoutException(WebDriverWait.java:85)
at org.openqa.selenium.support.ui.FluentWait.until(FluentWait.java:234)
at pages.CheckoutPage.finishOrder(CheckoutPage.java:49)
at tests.CheckoutTests.checkoutTest(CheckoutTests.java:32)
at java.base/jdk.internal.reflect.DirectMethodHandleAccessor.invoke(DirectMethodHandleAccessor.java:104)
at java.base/java.lang.reflect.Method.invoke(Method.java:565)
at org.testng.internal.invokers.MethodInvocationHelper.invokeMethod(MethodInvocationHelper.java:141)
at org.testng.internal.invokers.TestInvoker.invokeMethod(TestInvoker.java:697)
at org.testng.internal.invokers.TestInvoker.invokeTestMethod(TestInvoker.java:230)
at org.testng.internal.invokers.MethodRunner.runInSequence(MethodRunner.java:63)
at org.testng.internal.invokers.TestInvoker$MethodInvocationAgent.invoke(TestInvoker.java:1005)
at org.testng.internal.invokers.TestInvoker.invokeTestMethods(TestInvoker.java:203)
at org.testng.internal.invokers.TestMethodWorker.invokeTestMethods(TestMethodWorker.java:154)
at org.testng.internal.invokers.TestMethodWorker.run(TestMethodWorker.java:134)
at java.base/java.util.ArrayList.forEach(ArrayList.java:1604)
at org.testng.TestRunner.privateRun(TestRunner.java:744)
at org.testng.TestRunner.run(TestRunner.java:616)
at org.testng.SuiteRunner.runTest(SuiteRunner.java:421)
at org.testng.SuiteRunner.runSequentially(SuiteRunner.java:413)
at org.testng.SuiteRunner.privateRun(SuiteRunner.java:373)
at org.testng.SuiteRunner.run(SuiteRunner.java:312)
at org.testng.SuiteRunnerWorker.runSuite(SuiteRunnerWorker.java:52)
at org.testng.SuiteRunnerWorker.run(SuiteRunnerWorker.java:95)
at org.testng.TestNG.runSuitesSequentially(TestNG.java:1274)
at org.testng.TestNG.runSuitesLocally(TestNG.java:1208)
at org.testng.TestNG.runSuites(TestNG.java:1112)
at org.testng.TestNG.run(TestNG.java:1079)
at org.apache.maven.surefire.testng.TestNGExecutor.run(TestNGExecutor.java:155)
at org.apache.maven.surefire.testng.TestNGDirectoryTestSuite.executeMulti(TestNGDirectoryTestSuite.java:169)
at org.apache.maven.surefire.testng.TestNGDirectoryTestSuite.execute(TestNGDirectoryTestSuite.java:88)
at org.apache.maven.surefire.testng.TestNGProvider.invoke(TestNGProvider.java:137)
at org.apache.maven.surefire.booter.ForkedBooter.runSuitesInProcess(ForkedBooter.java:385)
at org.apache.maven.surefire.booter.ForkedBooter.execute(ForkedBooter.java:162)
at org.apache.maven.surefire.booter.ForkedBooter.run(ForkedBooter.java:507)
at org.apache.maven.surefire.booter.ForkedBooter.main(ForkedBooter.java:495)
]]>
            </full-stacktrace>
          </exception> <!-- org.openqa.selenium.TimeoutException -->
          <reporter-output>
          </reporter-output>
        </test-method> <!-- checkoutTest -->
        <test-method is-config="true" signature="tearDown()[pri:0, instance:tests.CheckoutTests@1b6e1eff]" started-at="2026-07-10T22:02:39 EEST" name="tearDown" finished-at="2026-07-10T22:02:42 EEST" duration-ms="2843" status="PASS">
          <reporter-output>
          </reporter-output>
        </test-method> <!-- tearDown -->
        <test-method is-config="true" signature="setup()[pri:0, instance:tests.CheckoutTests@1b6e1eff]" started-at="2026-07-10T22:02:42 EEST" name="setup" finished-at="2026-07-10T22:02:44 EEST" duration-ms="2125" status="PASS">
          <reporter-output>
          </reporter-output>
        </test-method> <!-- setup -->
        <test-method signature="continueFromCartTest()[pri:0, instance:tests.CheckoutTests@1b6e1eff]" started-at="2026-07-10T22:02:44 EEST" name="continueFromCartTest" description="Continue shopping после корзины" finished-at="2026-07-10T22:02:46 EEST" duration-ms="1715" status="PASS">
          <reporter-output>
          </reporter-output>
        </test-method> <!-- continueFromCartTest -->
        <test-method is-config="true" signature="tearDown()[pri:0, instance:tests.CheckoutTests@1b6e1eff]" started-at="2026-07-10T22:02:46 EEST" name="tearDown" finished-at="2026-07-10T22:02:48 EEST" duration-ms="1971" status="PASS">
          <reporter-output>
          </reporter-output>
        </test-method> <!-- tearDown -->
      </class> <!-- tests.CheckoutTests -->
      <class name="tests.CartTests">
        <test-method is-config="true" signature="setup()[pri:0, instance:tests.CartTests@1a4013]" started-at="2026-07-10T22:01:43 EEST" name="setup" finished-at="2026-07-10T22:01:54 EEST" duration-ms="10649" status="PASS">
          <reporter-output>
          </reporter-output>
        </test-method> <!-- setup -->
        <test-method signature="addItemToCartTest()[pri:0, instance:tests.CartTests@1a4013]" started-at="2026-07-10T22:01:54 EEST" name="addItemToCartTest" description="Добавление Backpack в корзину" finished-at="2026-07-10T22:01:55 EEST" duration-ms="1091" status="PASS">
          <reporter-output>
          </reporter-output>
        </test-method> <!-- addItemToCartTest -->
        <test-method is-config="true" signature="tearDown()[pri:0, instance:tests.CartTests@1a4013]" started-at="2026-07-10T22:01:55 EEST" name="tearDown" finished-at="2026-07-10T22:01:56 EEST" duration-ms="447" status="PASS">
          <reporter-output>
          </reporter-output>
        </test-method> <!-- tearDown -->
        <test-method is-config="true" signature="setup()[pri:0, instance:tests.CartTests@1a4013]" started-at="2026-07-10T22:01:56 EEST" name="setup" finished-at="2026-07-10T22:02:02 EEST" duration-ms="6111" status="PASS">
          <reporter-output>
          </reporter-output>
        </test-method> <!-- setup -->
        <test-method signature="addItemsToCartTest()[pri:0, instance:tests.CartTests@1a4013]" started-at="2026-07-10T22:02:02 EEST" name="addItemsToCartTest" description="Добавление Backpack и Bike Light в корзину" finished-at="2026-07-10T22:02:04 EEST" duration-ms="1648" status="PASS">
          <reporter-output>
          </reporter-output>
        </test-method> <!-- addItemsToCartTest -->
        <test-method is-config="true" signature="tearDown()[pri:0, instance:tests.CartTests@1a4013]" started-at="2026-07-10T22:02:04 EEST" name="tearDown" finished-at="2026-07-10T22:02:04 EEST" duration-ms="426" status="PASS">
          <reporter-output>
          </reporter-output>
        </test-method> <!-- tearDown -->
        <test-method is-config="true" signature="setup()[pri:0, instance:tests.CartTests@1a4013]" started-at="2026-07-10T22:02:04 EEST" name="setup" finished-at="2026-07-10T22:02:09 EEST" duration-ms="4515" status="PASS">
          <reporter-output>
          </reporter-output>
        </test-method> <!-- setup -->
        <test-method signature="checkItemInCartTest()[pri:0, instance:tests.CartTests@1a4013]" started-at="2026-07-10T22:02:09 EEST" name="checkItemInCartTest" description="Проверка, что добавленный Backpack отображается в корзине" finished-at="2026-07-10T22:02:10 EEST" duration-ms="1476" status="PASS">
          <reporter-output>
          </reporter-output>
        </test-method> <!-- checkItemInCartTest -->
        <test-method is-config="true" signature="tearDown()[pri:0, instance:tests.CartTests@1a4013]" started-at="2026-07-10T22:02:10 EEST" name="tearDown" finished-at="2026-07-10T22:02:11 EEST" duration-ms="443" status="PASS">
          <reporter-output>
          </reporter-output>
        </test-method> <!-- tearDown -->
        <test-method is-config="true" signature="setup()[pri:0, instance:tests.CartTests@1a4013]" started-at="2026-07-10T22:02:11 EEST" name="setup" finished-at="2026-07-10T22:02:14 EEST" duration-ms="3671" status="PASS">
          <reporter-output>
          </reporter-output>
        </test-method> <!-- setup -->
        <test-method signature="checkoutWithEmptyCartTest()[pri:0, instance:tests.CartTests@1a4013]" started-at="2026-07-10T22:02:14 EEST" name="checkoutWithEmptyCartTest" description="Переход к Checkout с пустой корзиной" finished-at="2026-07-10T22:02:16 EEST" duration-ms="1422" status="FAIL">
          <exception class="java.lang.AssertionError">
            <message>
              <![CDATA[Система ошибочно позволила перейти к Checkout с пустой корзиной! expected [false] but found [true]]]>
            </message>
            <full-stacktrace>
              <![CDATA[java.lang.AssertionError: Система ошибочно позволила перейти к Checkout с пустой корзиной! expected [false] but found [true]
at org.testng.Assert.fail(Assert.java:111)
at org.testng.Assert.failNotEquals(Assert.java:1590)
at org.testng.Assert.assertFalse(Assert.java:79)
at tests.CartTests.checkoutWithEmptyCartTest(CartTests.java:98)
at java.base/jdk.internal.reflect.DirectMethodHandleAccessor.invoke(DirectMethodHandleAccessor.java:104)
at java.base/java.lang.reflect.Method.invoke(Method.java:565)
at org.testng.internal.invokers.MethodInvocationHelper.invokeMethod(MethodInvocationHelper.java:141)
at org.testng.internal.invokers.TestInvoker.invokeMethod(TestInvoker.java:697)
at org.testng.internal.invokers.TestInvoker.invokeTestMethod(TestInvoker.java:230)
at org.testng.internal.invokers.MethodRunner.runInSequence(MethodRunner.java:63)
at org.testng.internal.invokers.TestInvoker$MethodInvocationAgent.invoke(TestInvoker.java:1005)
at org.testng.internal.invokers.TestInvoker.invokeTestMethods(TestInvoker.java:203)
at org.testng.internal.invokers.TestMethodWorker.invokeTestMethods(TestMethodWorker.java:154)
at org.testng.internal.invokers.TestMethodWorker.run(TestMethodWorker.java:134)
at java.base/java.util.ArrayList.forEach(ArrayList.java:1604)
at org.testng.TestRunner.privateRun(TestRunner.java:744)
at org.testng.TestRunner.run(TestRunner.java:616)
at org.testng.SuiteRunner.runTest(SuiteRunner.java:421)
at org.testng.SuiteRunner.runSequentially(SuiteRunner.java:413)
at org.testng.SuiteRunner.privateRun(SuiteRunner.java:373)
at org.testng.SuiteRunner.run(SuiteRunner.java:312)
at org.testng.SuiteRunnerWorker.runSuite(SuiteRunnerWorker.java:52)
at org.testng.SuiteRunnerWorker.run(SuiteRunnerWorker.java:95)
at org.testng.TestNG.runSuitesSequentially(TestNG.java:1274)
at org.testng.TestNG.runSuitesLocally(TestNG.java:1208)
at org.testng.TestNG.runSuites(TestNG.java:1112)
at org.testng.TestNG.run(TestNG.java:1079)
at org.apache.maven.surefire.testng.TestNGExecutor.run(TestNGExecutor.java:155)
at org.apache.maven.surefire.testng.TestNGDirectoryTestSuite.executeMulti(TestNGDirectoryTestSuite.java:169)
at org.apache.maven.surefire.testng.TestNGDirectoryTestSuite.execute(TestNGDirectoryTestSuite.java:88)
at org.apache.maven.surefire.testng.TestNGProvider.invoke(TestNGProvider.java:137)
at org.apache.maven.surefire.booter.ForkedBooter.runSuitesInProcess(ForkedBooter.java:385)
at org.apache.maven.surefire.booter.ForkedBooter.execute(ForkedBooter.java:162)
at org.apache.maven.surefire.booter.ForkedBooter.run(ForkedBooter.java:507)
at org.apache.maven.surefire.booter.ForkedBooter.main(ForkedBooter.java:495)
]]>
            </full-stacktrace>
          </exception> <!-- java.lang.AssertionError -->
          <reporter-output>
          </reporter-output>
        </test-method> <!-- checkoutWithEmptyCartTest -->
        <test-method is-config="true" signature="tearDown()[pri:0, instance:tests.CartTests@1a4013]" started-at="2026-07-10T22:02:16 EEST" name="tearDown" finished-at="2026-07-10T22:02:18 EEST" duration-ms="2031" status="PASS">
          <reporter-output>
          </reporter-output>
        </test-method> <!-- tearDown -->
        <test-method is-config="true" signature="setup()[pri:0, instance:tests.CartTests@1a4013]" started-at="2026-07-10T22:02:18 EEST" name="setup" finished-at="2026-07-10T22:02:21 EEST" duration-ms="3376" status="PASS">
          <reporter-output>
          </reporter-output>
        </test-method> <!-- setup -->
        <test-method signature="removeItemFromCartTest()[pri:0, instance:tests.CartTests@1a4013]" started-at="2026-07-10T22:02:21 EEST" name="removeItemFromCartTest" description="Удаление Bike Light из корзины" finished-at="2026-07-10T22:02:23 EEST" duration-ms="1559" status="PASS">
          <reporter-output>
          </reporter-output>
        </test-method> <!-- removeItemFromCartTest -->
        <test-method is-config="true" signature="tearDown()[pri:0, instance:tests.CartTests@1a4013]" started-at="2026-07-10T22:02:23 EEST" name="tearDown" finished-at="2026-07-10T22:02:23 EEST" duration-ms="443" status="PASS">
          <reporter-output>
          </reporter-output>
        </test-method> <!-- tearDown -->
      </class> <!-- tests.CartTests -->
    </test> <!-- Surefire test -->
  </suite> <!-- Surefire suite -->
</testng-results>
