<?xml version="1.0" encoding="UTF-8"?>
<!-- Generated by org.testng.reporters.JUnitReportReporter -->
<testsuite hostname="DESKTOP-B9PV4G5" failures="0" tests="4" name="tests.LoginTests" time="19.961" errors="0" timestamp="2026-07-09T21:14:02 EEST" skipped="0">
  <testcase classname="tests.LoginTests" name="validLoginTest" time="3.585"/>
  <testcase classname="tests.LoginTests" name="emptyLoginTest" time="5.968"/>
  <testcase classname="tests.LoginTests" name="emptyPasswordTest" time="4.559"/>
  <testcase classname="tests.LoginTests" name="invalidLoginTest" time="5.849"/>
</testsuite> <!-- tests.LoginTests -->
