<?xml version="1.0" encoding="UTF-8"?>
<!-- Generated by org.testng.reporters.JUnitReportReporter -->
<testsuite hostname="DESKTOP-B9PV4G5" failures="0" tests="4" name="tests.LoginTests" time="15.478" errors="0" timestamp="2026-07-10T22:03:26 EEST" skipped="0">
  <testcase classname="tests.LoginTests" name="validLoginTest" time="4.522"/>
  <testcase classname="tests.LoginTests" name="emptyPasswordTest" time="3.698"/>
  <testcase classname="tests.LoginTests" name="emptyLoginTest" time="3.525"/>
  <testcase classname="tests.LoginTests" name="invalidLoginTest" time="3.733"/>
</testsuite> <!-- tests.LoginTests -->
